<?xml version="1.0" encoding="UTF-8"?>
<!-- Generated by org.testng.reporters.JUnitReportReporter -->
<testsuite name="com.Test.Utility.DataProviderWithExcel_001" tests="1" time="0.000" ignored="0" failures="0" timestamp="12 Nov 2017 15:36:28 GMT" skipped="1" hostname="varun-PC" errors="0">
  <testcase name="Registration_data" time="0.000" classname="com.Test.Utility.DataProviderWithExcel_001">
    <skipped/>
  </testcase> <!-- Registration_data -->
</testsuite> <!-- com.Test.Utility.DataProviderWithExcel_001 -->
