<?xml version="1.0" encoding="UTF-8"?>
<!-- Generated by org.testng.reporters.JUnitReportReporter -->
<testsuite name="com.Test.Utility.ExcelToDataProvider" tests="1" time="0.000" ignored="0" failures="0" timestamp="12 Nov 2017 15:12:45 GMT" skipped="1" hostname="varun-PC" errors="0">
  <testcase name="fillUserForm" time="0.000" classname="com.Test.Utility.ExcelToDataProvider">
    <skipped/>
  </testcase> <!-- fillUserForm -->
</testsuite> <!-- com.Test.Utility.ExcelToDataProvider -->
